e:\mfc_code\computerroomms\sniffer\sniffer\debug\sniffer.pch
e:\mfc_code\computerroomms\sniffer\sniffer\debug\vc140.pdb
e:\mfc_code\computerroomms\sniffer\sniffer\debug\vc140.idb
e:\mfc_code\computerroomms\sniffer\sniffer\debug\stdafx.obj
e:\mfc_code\computerroomms\sniffer\sniffer\debug\adpdlg.obj
e:\mfc_code\computerroomms\sniffer\sniffer\debug\sniffer.obj
e:\mfc_code\computerroomms\sniffer\sniffer\debug\snifferdlg.obj
e:\mfc_code\computerroomms\sniffer\sniffer\debug\filterdlg.obj
e:\mfc_code\computerroomms\sniffer\debug\sniffer.ilk
e:\mfc_code\computerroomms\sniffer\debug\sniffer.exe
e:\mfc_code\computerroomms\sniffer\debug\sniffer.pdb
e:\mfc_code\computerroomms\sniffer\sniffer\debug\sniffer.res
e:\mfc_code\computerroomms\sniffer\sniffer\debug\sniffer.tlog\cl.command.1.tlog
e:\mfc_code\computerroomms\sniffer\sniffer\debug\sniffer.tlog\cl.read.1.tlog
e:\mfc_code\computerroomms\sniffer\sniffer\debug\sniffer.tlog\cl.write.1.tlog
e:\mfc_code\computerroomms\sniffer\sniffer\debug\sniffer.tlog\link.command.1.tlog
e:\mfc_code\computerroomms\sniffer\sniffer\debug\sniffer.tlog\link.read.1.tlog
e:\mfc_code\computerroomms\sniffer\sniffer\debug\sniffer.tlog\link.write.1.tlog
e:\mfc_code\computerroomms\sniffer\sniffer\debug\sniffer.tlog\rc.command.1.tlog
e:\mfc_code\computerroomms\sniffer\sniffer\debug\sniffer.tlog\rc.read.1.tlog
e:\mfc_code\computerroomms\sniffer\sniffer\debug\sniffer.tlog\rc.write.1.tlog
