e:\mfc_code\computerroomms\computerroomms\computerroomms\release\computerroomms.pch
e:\mfc_code\computerroomms\computerroomms\computerroomms\release\stdafx.obj
e:\mfc_code\computerroomms\computerroomms\computerroomms\release\searchresultdlg.obj
e:\mfc_code\computerroomms\computerroomms\computerroomms\release\scheduledlg.obj
e:\mfc_code\computerroomms\computerroomms\computerroomms\release\scheduleadjustdlg.obj
e:\mfc_code\computerroomms\computerroomms\computerroomms\release\salarycheckdlg.obj
e:\mfc_code\computerroomms\computerroomms\computerroomms\release\roomrunningreportdlg.obj
e:\mfc_code\computerroomms\computerroomms\computerroomms\release\roommanagedlg.obj
e:\mfc_code\computerroomms\computerroomms\computerroomms\release\roomfaultdlg.obj
e:\mfc_code\computerroomms\computerroomms\computerroomms\release\requestroomdlg.obj
e:\mfc_code\computerroomms\computerroomms\computerroomms\release\repairdlg.obj
e:\mfc_code\computerroomms\computerroomms\computerroomms\release\registerdlg.obj
e:\mfc_code\computerroomms\computerroomms\computerroomms\release\personinfo.obj
e:\mfc_code\computerroomms\computerroomms\computerroomms\release\listctrlowner.obj
e:\mfc_code\computerroomms\computerroomms\computerroomms\release\dlgmain.obj
e:\mfc_code\computerroomms\computerroomms\computerroomms\release\logindlg.obj
e:\mfc_code\computerroomms\computerroomms\computerroomms\release\computerroomms.obj
e:\mfc_code\computerroomms\computerroomms\computerroomms\release\buttonctrl.obj
e:\mfc_code\computerroomms\computerroomms\computerroomms\release\assetshandoverdlg.obj
e:\mfc_code\computerroomms\computerroomms\computerroomms\release\announcedlg.obj
e:\mfc_code\computerroomms\computerroomms\computerroomms\release\aglinkctrl.obj
e:\mfc_code\computerroomms\computerroomms\computerroomms\release\addpersondlg.obj
e:\mfc_code\computerroomms\computerroomms\computerroomms\release\workloaddlg.obj
e:\mfc_code\computerroomms\computerroomms\computerroomms\release\winthreadnet.obj
e:\mfc_code\computerroomms\computerroomms\computerroomms\release\winthreaddatabase.obj
e:\mfc_code\computerroomms\computerroomms\computerroomms\release\viewrepairdlg.obj
e:\mfc_code\computerroomms\computerroomms\computerroomms\release\viewreigstrequestdlg.obj
e:\mfc_code\computerroomms\computerroomms\computerroomms\release\viewinfodlg.obj
e:\mfc_code\computerroomms\computerroomms\computerroomms\release\viewexamresultdlg.obj
e:\mfc_code\computerroomms\computerroomms\computerroomms\release\viewexamdlg.obj
e:\mfc_code\computerroomms\computerroomms\computerroomms\release\viewannouncedlg.obj
e:\mfc_code\computerroomms\computerroomms\computerroomms\release\usereportdlg.obj
e:\mfc_code\computerroomms\computerroomms\computerroomms\release\studentmanagedlg.obj
e:\mfc_code\computerroomms\computerroomms\computerroomms\release\studentinfodlg.obj
e:\mfc_code\computerroomms\computerroomms\computerroomms\release\socketclient.obj
e:\mfc_code\computerroomms\computerroomms\computerroomms\release\setuppwddlg.obj
e:\mfc_code\computerroomms\computerroomms\computerroomms\release\setupadmindlg.obj
e:\mfc_code\computerroomms\computerroomms\computerroomms\release\serversetupdlg.obj
e:\mfc_code\computerroomms\computerroomms\computerroomms\release\computerroomms.res
e:\mfc_code\computerroomms\computerroomms\computerroomms\release\computerroomms.tlog\cl.command.1.tlog
e:\mfc_code\computerroomms\computerroomms\computerroomms\release\computerroomms.tlog\cl.read.1.tlog
e:\mfc_code\computerroomms\computerroomms\computerroomms\release\computerroomms.tlog\cl.write.1.tlog
e:\mfc_code\computerroomms\computerroomms\computerroomms\release\computerroomms.tlog\link.command.1.tlog
e:\mfc_code\computerroomms\computerroomms\computerroomms\release\computerroomms.tlog\link.read.1.tlog
e:\mfc_code\computerroomms\computerroomms\computerroomms\release\computerroomms.tlog\link.write.1.tlog
e:\mfc_code\computerroomms\computerroomms\computerroomms\release\computerroomms.tlog\rc.command.1.tlog
e:\mfc_code\computerroomms\computerroomms\computerroomms\release\computerroomms.tlog\rc.read.1.tlog
e:\mfc_code\computerroomms\computerroomms\computerroomms\release\computerroomms.tlog\rc.write.1.tlog
