e:\mfc_code\computerroomms\computerroomms\computerroomms\debug\computerroomms.pch
e:\mfc_code\computerroomms\computerroomms\computerroomms\debug\vc140.pdb
e:\mfc_code\computerroomms\computerroomms\computerroomms\debug\vc140.idb
e:\mfc_code\computerroomms\computerroomms\computerroomms\debug\stdafx.obj
e:\mfc_code\computerroomms\computerroomms\computerroomms\debug\salarycheckdlg.obj
e:\mfc_code\computerroomms\computerroomms\computerroomms\debug\scheduleadjustdlg.obj
e:\mfc_code\computerroomms\computerroomms\computerroomms\debug\scheduledlg.obj
e:\mfc_code\computerroomms\computerroomms\computerroomms\debug\searchresultdlg.obj
e:\mfc_code\computerroomms\computerroomms\computerroomms\debug\serversetupdlg.obj
e:\mfc_code\computerroomms\computerroomms\computerroomms\debug\setupadmindlg.obj
e:\mfc_code\computerroomms\computerroomms\computerroomms\debug\setuppwddlg.obj
e:\mfc_code\computerroomms\computerroomms\computerroomms\debug\socketclient.obj
e:\mfc_code\computerroomms\computerroomms\computerroomms\debug\studentinfodlg.obj
e:\mfc_code\computerroomms\computerroomms\computerroomms\debug\studentmanagedlg.obj
e:\mfc_code\computerroomms\computerroomms\computerroomms\debug\usereportdlg.obj
e:\mfc_code\computerroomms\computerroomms\computerroomms\debug\viewannouncedlg.obj
e:\mfc_code\computerroomms\computerroomms\computerroomms\debug\viewexamdlg.obj
e:\mfc_code\computerroomms\computerroomms\computerroomms\debug\viewexamresultdlg.obj
e:\mfc_code\computerroomms\computerroomms\computerroomms\debug\viewinfodlg.obj
e:\mfc_code\computerroomms\computerroomms\computerroomms\debug\viewreigstrequestdlg.obj
e:\mfc_code\computerroomms\computerroomms\computerroomms\debug\viewrepairdlg.obj
e:\mfc_code\computerroomms\computerroomms\computerroomms\debug\winthreaddatabase.obj
e:\mfc_code\computerroomms\computerroomms\computerroomms\debug\winthreadnet.obj
e:\mfc_code\computerroomms\computerroomms\computerroomms\debug\workloaddlg.obj
e:\mfc_code\computerroomms\computerroomms\computerroomms\debug\addpersondlg.obj
e:\mfc_code\computerroomms\computerroomms\computerroomms\debug\aglinkctrl.obj
e:\mfc_code\computerroomms\computerroomms\computerroomms\debug\announcedlg.obj
e:\mfc_code\computerroomms\computerroomms\computerroomms\debug\assetshandoverdlg.obj
e:\mfc_code\computerroomms\computerroomms\computerroomms\debug\buttonctrl.obj
e:\mfc_code\computerroomms\computerroomms\computerroomms\debug\computerroomms.obj
e:\mfc_code\computerroomms\computerroomms\computerroomms\debug\logindlg.obj
e:\mfc_code\computerroomms\computerroomms\computerroomms\debug\dlgmain.obj
e:\mfc_code\computerroomms\computerroomms\computerroomms\debug\listctrlowner.obj
e:\mfc_code\computerroomms\computerroomms\computerroomms\debug\personinfo.obj
e:\mfc_code\computerroomms\computerroomms\computerroomms\debug\registerdlg.obj
e:\mfc_code\computerroomms\computerroomms\computerroomms\debug\repairdlg.obj
e:\mfc_code\computerroomms\computerroomms\computerroomms\debug\requestroomdlg.obj
e:\mfc_code\computerroomms\computerroomms\computerroomms\debug\roomfaultdlg.obj
e:\mfc_code\computerroomms\computerroomms\computerroomms\debug\roommanagedlg.obj
e:\mfc_code\computerroomms\computerroomms\computerroomms\debug\roomrunningreportdlg.obj
e:\mfc_code\computerroomms\computerroomms\debug\computerroomms.ilk
e:\mfc_code\computerroomms\computerroomms\debug\computerroomms.exe
e:\mfc_code\computerroomms\computerroomms\debug\computerroomms.pdb
e:\mfc_code\computerroomms\computerroomms\computerroomms\debug\computerroomms.res
e:\mfc_code\computerroomms\computerroomms\computerroomms\debug\computerroomms.tlog\cl.command.1.tlog
e:\mfc_code\computerroomms\computerroomms\computerroomms\debug\computerroomms.tlog\cl.read.1.tlog
e:\mfc_code\computerroomms\computerroomms\computerroomms\debug\computerroomms.tlog\cl.write.1.tlog
e:\mfc_code\computerroomms\computerroomms\computerroomms\debug\computerroomms.tlog\link.command.1.tlog
e:\mfc_code\computerroomms\computerroomms\computerroomms\debug\computerroomms.tlog\link.read.1.tlog
e:\mfc_code\computerroomms\computerroomms\computerroomms\debug\computerroomms.tlog\link.write.1.tlog
e:\mfc_code\computerroomms\computerroomms\computerroomms\debug\computerroomms.tlog\rc.command.1.tlog
e:\mfc_code\computerroomms\computerroomms\computerroomms\debug\computerroomms.tlog\rc.read.1.tlog
e:\mfc_code\computerroomms\computerroomms\computerroomms\debug\computerroomms.tlog\rc.write.1.tlog
